D:\PROGRAM\编程\YUYINSHIBIE\DEBUG\STENOTYPISTDLG.OBJ
D:\PROGRAM\编程\YUYINSHIBIE\DEBUG\STENOTYPIST.OBJ
D:\PROGRAM\编程\YUYINSHIBIE\DEBUG\STDAFX.OBJ
D:\PROGRAM\编程\YUYINSHIBIE\DEBUG\CSPEECHRECOGNITION.OBJ
D:\PROGRAM\编程\YUYINSHIBIE\DEBUG\VC110.PDB
D:\PROGRAM\编程\YUYINSHIBIE\DEBUG\.NETFRAMEWORK,VERSION=V4.0.ASSEMBLYATTRIBUTES.OBJ
D:\PROGRAM\编程\YUYINSHIBIE\DEBUG\YUYIN.ILK
D:\PROGRAM\编程\YUYINSHIBIE\DEBUG\YUYIN.EXE
D:\PROGRAM\编程\YUYINSHIBIE\DEBUG\YUYIN.PDB
D:\PROGRAM\编程\YUYINSHIBIE\DEBUG\STENOTYPIST.RES
D:\Program\编程\yuyinshibie\Debug\yuyin.vcxprojResolveAssemblyReference.cache
D:\Program\编程\yuyinshibie\Debug\.NETFramework,Version=v4.0.AssemblyAttributes.obj
D:\Program\编程\yuyinshibie\Debug\CSpeechRecognition.obj
D:\Program\编程\yuyinshibie\Debug\StdAfx.obj
D:\Program\编程\yuyinshibie\Debug\Stenotypist.obj
D:\Program\编程\yuyinshibie\Debug\StenotypistDlg.obj
D:\Program\编程\yuyinshibie\Debug\yuyin.ilk
D:\Program\编程\yuyinshibie\Debug\cl.command.1.tlog
D:\Program\编程\yuyinshibie\Debug\CL.read.1.tlog
D:\Program\编程\yuyinshibie\Debug\CL.write.1.tlog
D:\Program\编程\yuyinshibie\Debug\link.7824-cvtres.read.1.tlog
D:\Program\编程\yuyinshibie\Debug\link.7824-cvtres.write.1.tlog
D:\Program\编程\yuyinshibie\Debug\link.7824-mt.read.1.tlog
D:\Program\编程\yuyinshibie\Debug\link.7824-mt.write.1.tlog
D:\Program\编程\yuyinshibie\Debug\link.7824-rc.read.1.tlog
D:\Program\编程\yuyinshibie\Debug\link.7824-rc.write.1.tlog
D:\Program\编程\yuyinshibie\Debug\link.7824.read.1.tlog
D:\Program\编程\yuyinshibie\Debug\link.7824.write.1.tlog
D:\Program\编程\yuyinshibie\Debug\link.7952-cvtres.read.1.tlog
D:\Program\编程\yuyinshibie\Debug\link.7952-cvtres.write.1.tlog
D:\Program\编程\yuyinshibie\Debug\link.7952-mt.read.1.tlog
D:\Program\编程\yuyinshibie\Debug\link.7952-mt.write.1.tlog
D:\Program\编程\yuyinshibie\Debug\link.7952-rc.read.1.tlog
D:\Program\编程\yuyinshibie\Debug\link.7952-rc.write.1.tlog
D:\Program\编程\yuyinshibie\Debug\link.7952.read.1.tlog
D:\Program\编程\yuyinshibie\Debug\link.7952.write.1.tlog
D:\Program\编程\yuyinshibie\Debug\link.8616-cvtres.read.1.tlog
D:\Program\编程\yuyinshibie\Debug\link.8616-cvtres.write.1.tlog
D:\Program\编程\yuyinshibie\Debug\link.8616-mt.read.1.tlog
D:\Program\编程\yuyinshibie\Debug\link.8616-mt.write.1.tlog
D:\Program\编程\yuyinshibie\Debug\link.8616-rc.read.1.tlog
D:\Program\编程\yuyinshibie\Debug\link.8616-rc.write.1.tlog
D:\Program\编程\yuyinshibie\Debug\link.8616.read.1.tlog
D:\Program\编程\yuyinshibie\Debug\link.8616.write.1.tlog
D:\Program\编程\yuyinshibie\Debug\link.command.1.tlog
D:\Program\编程\yuyinshibie\Debug\link.read.1.tlog
D:\Program\编程\yuyinshibie\Debug\link.write.1.tlog
D:\Program\编程\yuyinshibie\Debug\metagen.read.1.tlog
D:\Program\编程\yuyinshibie\Debug\metagen.write.1.tlog
D:\Program\编程\yuyinshibie\Debug\rc.command.1.tlog
D:\Program\编程\yuyinshibie\Debug\rc.read.1.tlog
D:\Program\编程\yuyinshibie\Debug\rc.write.1.tlog
D:\Program\编程\yuyinshibie\Debug\Stenotypist.res
D:\Program\编程\yuyinshibie\Debug\vc110.pdb
D:\Program\编程\yuyinshibie\Debug\yuyin.pdb
D:\Program\编程\yuyinshibie\Debug\yuyin.exe.metagen
D:\Program\编程\yuyinshibie\Debug\RSAENH.DLL.bi
D:\Program\编程\yuyinshibie\Debug\TZRES.DLL.bi
D:\Program\编程\yuyinshibie\Debug\yuyin.exe
